#
# There is insufficient memory for the Java Runtime Environment to continue.
# Native memory allocation (malloc) failed to allocate 344176 bytes for Chunk::new
# Possible reasons:
#   The system is out of physical RAM or swap space
#   In 32 bit mode, the process size limit was hit
# Possible solutions:
#   Reduce memory load on the system
#   Increase physical memory or swap space
#   Check if swap backing store is full
#   Use 64 bit Java on a 64 bit OS
#   Decrease Java heap size (-Xmx/-Xms)
#   Decrease number of Java threads
#   Decrease Java thread stack sizes (-Xss)
#   Set larger code cache with -XX:ReservedCodeCacheSize=
# This output file may be truncated or incomplete.
#
#  Out of Memory Error (allocation.cpp:390), pid=3216, tid=0x000000000000314c
#
# JRE version: OpenJDK Runtime Environment (8.0_76-b03) (build 1.8.0_76-release-b03)
# Java VM: OpenJDK 64-Bit Server VM (25.76-b03 mixed mode windows-amd64 compressed oops)
# Failed to write core dump. Minidumps are not enabled by default on client versions of Windows
#

---------------  T H R E A D  ---------------

Current thread (0x00000000564b9800):  JavaThread "C2 CompilerThread1" daemon [_thread_in_native, id=12620, stack(0x00000000576c0000,0x00000000577c0000)]

Stack: [0x00000000576c0000,0x00000000577c0000]
[error occurred during error reporting (printing stack bounds), id 0xc0000005]

Native frames: (J=compiled Java code, j=interpreted, Vv=VM code, C=native code)


Current CompileTask:
C2:  71298 8420       4       org.gradle.internal.logging.text.AbstractLineChoppingStyledTextOutput::doAppend (201 bytes)


---------------  P R O C E S S  ---------------

Java Threads: ( => current thread )
  0x000000005941f800 JavaThread "stdout" daemon [_thread_in_native, id=5380, stack(0x0000000065010000,0x0000000065110000)]
  0x000000005941e800 JavaThread "stderr" daemon [_thread_in_native, id=12784, stack(0x0000000064e30000,0x0000000064f30000)]
  0x000000005b17d800 JavaThread "stdout" daemon [_thread_in_native, id=13220, stack(0x0000000064bf0000,0x0000000064cf0000)]
  0x000000005b17c800 JavaThread "stderr" daemon [_thread_in_native, id=11068, stack(0x0000000064820000,0x0000000064920000)]
  0x000000005b17c000 JavaThread "stdout" daemon [_thread_in_native, id=10868, stack(0x0000000064950000,0x0000000064a50000)]
  0x000000005b17b000 JavaThread "stderr" daemon [_thread_in_native, id=12408, stack(0x00000000646a0000,0x00000000647a0000)]
  0x000000005b17a800 JavaThread "stdout" daemon [_thread_in_native, id=10712, stack(0x0000000063930000,0x0000000063a30000)]
  0x000000005b179800 JavaThread "stderr" daemon [_thread_in_native, id=13204, stack(0x0000000062b50000,0x0000000062c50000)]
  0x000000005b179000 JavaThread "stdout" daemon [_thread_in_native, id=11496, stack(0x00000000644e0000,0x00000000645e0000)]
  0x000000005b178000 JavaThread "stderr" daemon [_thread_in_native, id=11948, stack(0x0000000064220000,0x0000000064320000)]
  0x000000005b177800 JavaThread "Run command 'E:\androidSDK\build-tools\25.0.1\aapt.exe'" [_thread_blocked, id=12432, stack(0x0000000063ef0000,0x0000000063ff0000)]
  0x0000000057e3a800 JavaThread "Thread-22" [_thread_blocked, id=12640, stack(0x0000000064320000,0x0000000064420000)]
  0x0000000057e3d800 JavaThread "stdout" daemon [_thread_in_native, id=11876, stack(0x0000000063ff0000,0x00000000640f0000)]
  0x0000000057e3d000 JavaThread "stderr" daemon [_thread_in_native, id=12228, stack(0x0000000064110000,0x0000000064210000)]
  0x0000000057e3c000 JavaThread "stdout" daemon [_thread_in_native, id=12332, stack(0x0000000063b90000,0x0000000063c90000)]
  0x0000000057e3b800 JavaThread "stderr" daemon [_thread_in_native, id=8236, stack(0x0000000063da0000,0x0000000063ea0000)]
  0x0000000057e3a000 JavaThread "stdout" daemon [_thread_in_native, id=12100, stack(0x00000000620a0000,0x00000000621a0000)]
  0x0000000057e39000 JavaThread "stderr" daemon [_thread_in_native, id=4776, stack(0x0000000063c90000,0x0000000063d90000)]
  0x0000000057e38800 JavaThread "stdout" daemon [_thread_in_native, id=11820, stack(0x0000000063a30000,0x0000000063b30000)]
  0x0000000057e37800 JavaThread "stderr" daemon [_thread_in_native, id=12140, stack(0x0000000063830000,0x0000000063930000)]
  0x0000000057e37000 JavaThread "stdout" daemon [_thread_in_native, id=8504, stack(0x0000000063700000,0x0000000063800000)]
  0x000000005b9f1800 JavaThread "stderr" daemon [_thread_in_native, id=11296, stack(0x0000000063540000,0x0000000063640000)]
  0x000000005b9f1000 JavaThread "stdout" daemon [_thread_in_native, id=12648, stack(0x00000000633b0000,0x00000000634b0000)]
  0x000000005b9f0000 JavaThread "stderr" daemon [_thread_in_native, id=11292, stack(0x00000000631c0000,0x00000000632c0000)]
  0x000000005b9ef800 JavaThread "png-cruncher_20" daemon [_thread_blocked, id=11456, stack(0x0000000063020000,0x0000000063120000)]
  0x000000005b9ee800 JavaThread "png-cruncher_19" daemon [_thread_blocked, id=10168, stack(0x00000000622a0000,0x00000000623a0000)]
  0x000000005b9ee000 JavaThread "png-cruncher_18" daemon [_thread_blocked, id=12556, stack(0x000000005a170000,0x000000005a270000)]
  0x000000005b9ed000 JavaThread "png-cruncher_17" daemon [_thread_blocked, id=10640, stack(0x0000000062e90000,0x0000000062f90000)]
  0x000000005b9ec800 JavaThread "png-cruncher_16" daemon [_thread_blocked, id=12480, stack(0x0000000062d60000,0x0000000062e60000)]
  0x000000005b9eb800 JavaThread "png-cruncher_15" daemon [_thread_blocked, id=11664, stack(0x0000000062c50000,0x0000000062d50000)]
  0x000000005b9eb000 JavaThread "png-cruncher_14" daemon [_thread_blocked, id=13244, stack(0x0000000062a50000,0x0000000062b50000)]
  0x0000000056680800 JavaThread "png-cruncher_13" daemon [_thread_blocked, id=9432, stack(0x0000000062930000,0x0000000062a30000)]
  0x000000005667e000 JavaThread "png-cruncher_10" daemon [_thread_in_native, id=12852, stack(0x0000000062590000,0x0000000062690000)]
  0x000000005667d800 JavaThread "png-cruncher_9" daemon [_thread_blocked, id=7748, stack(0x0000000062430000,0x0000000062530000)]
  0x000000005667c800 JavaThread "png-cruncher_8" daemon [_thread_blocked, id=11076, stack(0x00000000621a0000,0x00000000622a0000)]
  0x000000005667c000 JavaThread "png-cruncher_7" daemon [_thread_blocked, id=11632, stack(0x0000000061fa0000,0x00000000620a0000)]
  0x000000005667b000 JavaThread "png-cruncher_6" daemon [_thread_blocked, id=12700, stack(0x0000000061700000,0x0000000061800000)]
  0x000000005667a800 JavaThread "png-cruncher_5" daemon [_thread_blocked, id=11504, stack(0x0000000061e30000,0x0000000061f30000)]
  0x0000000056679800 JavaThread "png-cruncher_4" daemon [_thread_blocked, id=13060, stack(0x0000000061c30000,0x0000000061d30000)]
  0x00000000564ca800 JavaThread "png-cruncher_3" daemon [_thread_blocked, id=6852, stack(0x0000000061d30000,0x0000000061e30000)]
  0x00000000564c9800 JavaThread "png-cruncher_2" daemon [_thread_blocked, id=11704, stack(0x0000000061b10000,0x0000000061c10000)]
  0x00000000564c9000 JavaThread "png-cruncher_1" daemon [_thread_blocked, id=13092, stack(0x00000000619c0000,0x0000000061ac0000)]
  0x00000000564c8000 JavaThread "pool-4-thread-4" [_thread_blocked, id=12304, stack(0x0000000061890000,0x0000000061990000)]
  0x00000000564c7800 JavaThread "pool-4-thread-3" [_thread_blocked, id=184, stack(0x000000005bc00000,0x000000005bd00000)]
  0x00000000564bf000 JavaThread "pool-4-thread-2" [_thread_blocked, id=12424, stack(0x00000000615f0000,0x00000000616f0000)]
  0x00000000564c6800 JavaThread "pool-4-thread-1" [_thread_blocked, id=1628, stack(0x000000005f7a0000,0x000000005f8a0000)]
  0x00000000564c5000 JavaThread "Stdin handler" [_thread_blocked, id=10312, stack(0x000000005a560000,0x000000005a660000)]
  0x00000000564c4800 JavaThread "Asynchronous log dispatcher for org.gradle.launcher.daemon.server.DefaultDaemonConnection@1acd62cf" [_thread_blocked, id=12664, stack(0x00000000583c0000,0x00000000584c0000)]
  0x00000000564c3800 JavaThread "Cancel handler" [_thread_blocked, id=7368, stack(0x000000005a070000,0x000000005a170000)]
  0x00000000564c0800 JavaThread "Handler for socket connection from /127.0.0.1:45316 to /127.0.0.1:45606" [_thread_in_native, id=9556, stack(0x0000000059ec0000,0x0000000059fc0000)]
  0x000000005ac44000 JavaThread "File lock request listener" [_thread_in_native, id=12560, stack(0x000000005bac0000,0x000000005bbc0000)]
  0x0000000058904000 JavaThread "Daemon worker" [_thread_blocked, id=11692, stack(0x0000000059da0000,0x0000000059ea0000)]
  0x0000000058a22800 JavaThread "Daemon" [_thread_blocked, id=5660, stack(0x0000000059c80000,0x0000000059d80000)]
  0x0000000058a6d000 JavaThread "pool-1-thread-1" [_thread_blocked, id=13228, stack(0x0000000059af0000,0x0000000059bf0000)]
  0x00000000587ae800 JavaThread "Incoming local TCP Connector on port 45316" [_thread_in_native, id=10928, stack(0x00000000597b0000,0x00000000598b0000)]
  0x000000005654a000 JavaThread "Service Thread" daemon [_thread_blocked, id=8172, stack(0x00000000575c0000,0x00000000576c0000)]
  0x00000000564bb800 JavaThread "C1 CompilerThread2" daemon [_thread_blocked, id=9768, stack(0x0000000057820000,0x0000000057920000)]
=>0x00000000564b9800 JavaThread "C2 CompilerThread1" daemon [_thread_in_native, id=12620, stack(0x00000000576c0000,0x00000000577c0000)]
  0x00000000564b6000 JavaThread "C2 CompilerThread0" daemon [_thread_blocked, id=8272, stack(0x0000000057300000,0x0000000057400000)]
  0x0000000054f9d800 JavaThread "Attach Listener" daemon [_thread_blocked, id=7644, stack(0x0000000057430000,0x0000000057530000)]
  0x0000000054f90800 JavaThread "Signal Dispatcher" daemon [_thread_blocked, id=11580, stack(0x0000000056920000,0x0000000056a20000)]
  0x0000000054f77800 JavaThread "Finalizer" daemon [_thread_blocked, id=10296, stack(0x00000000563a0000,0x00000000564a0000)]
  0x0000000054f30800 JavaThread "Reference Handler" daemon [_thread_blocked, id=11848, stack(0x0000000056280000,0x0000000056380000)]
  0x00000000023ef000 JavaThread "main" [_thread_blocked, id=4800, stack(0x0000000002520000,0x0000000002620000)]

Other Threads:
  0x0000000054f29000 VMThread [stack: 0x00000000560a0000,0x00000000561a0000] [id=13016]
  0x000000005654b800 WatcherThread [stack: 0x00000000579f0000,0x0000000057af0000] [id=11312]

VM state:not at safepoint (normal execution)

VM Mutex/Monitor currently owned by a thread: None

Heap:
 PSYoungGen      total 165888K, used 135846K [0x00000000eab00000, 0x00000000f8900000, 0x0000000100000000)
  eden space 150528K, 87% used [0x00000000eab00000,0x00000000f2b498a0,0x00000000f3e00000)
  from space 15360K, 29% used [0x00000000f3e00000,0x00000000f42600c8,0x00000000f4d00000)
  to   space 15360K, 0% used [0x00000000f7a00000,0x00000000f7a00000,0x00000000f8900000)
 ParOldGen       total 87552K, used 39953K [0x00000000c0000000, 0x00000000c5580000, 0x00000000eab00000)
  object space 87552K, 45% used [0x00000000c0000000,0x00000000c27046a0,0x00000000c5580000)
 Metaspace       used 57499K, capacity 59844K, committed 60080K, reserved 1101824K
  class space    used 7779K, capacity 8284K, committed 8368K, reserved 1048576K

Card table byte_map: [0x00000000119e0000,0x0000000011bf0000] byte_map_base: 0x00000000113e0000

Marking Bits: (ParMarkBitMap*) 0x0000000057279d00
 Begin Bits: [0x00000000123a0000, 0x00000000133a0000)
 End Bits:   [0x00000000133a0000, 0x00000000143a0000)

Polling page: 0x0000000001b60000

CodeCache: size=245760Kb used=25412Kb max_used=25412Kb free=220347Kb
 bounds [0x0000000002620000, 0x0000000003f10000, 0x0000000011620000]
 total_blobs=8098 nmethods=7379 adapters=631
 compilation: enabled

Compilation events (10 events):
Event: 70.819 Thread 0x00000000564b9800 nmethod 8415 0x0000000003f06b50 code [0x0000000003f06cc0, 0x0000000003f06f28]
Event: 71.122 Thread 0x00000000564bb800 8416       3       org.gradle.internal.io.LineBufferingOutputStream::write (97 bytes)
Event: 71.122 Thread 0x00000000564bb800 nmethod 8416 0x0000000003f062d0 code [0x0000000003f06480, 0x0000000003f06938]
Event: 71.122 Thread 0x00000000564bb800 8417       3       org.gradle.internal.io.LineBufferingOutputStream::endsWithLineSeparator (61 bytes)
Event: 71.122 Thread 0x00000000564bb800 nmethod 8417 0x0000000003f05d10 code [0x0000000003f05e80, 0x0000000003f06170]
Event: 71.122 Thread 0x00000000564bb800 8418       1       java.util.Collections$SingletonList::size (2 bytes)
Event: 71.123 Thread 0x00000000564bb800 nmethod 8418 0x0000000003f05a50 code [0x0000000003f05ba0, 0x0000000003f05cb0]
Event: 71.202 Thread 0x00000000564bb800 8419   !   3       java.lang.StringCoding::decode (120 bytes)
Event: 71.202 Thread 0x00000000564b9800 8420       4       org.gradle.internal.logging.text.AbstractLineChoppingStyledTextOutput::doAppend (201 bytes)
Event: 71.204 Thread 0x00000000564bb800 nmethod 8419 0x0000000003f0a490 code [0x0000000003f0a7e0, 0x0000000003f0c238]

GC Heap History (10 events):
Event: 34.141 GC heap before
{Heap before GC invocations=12 (full 2):
 PSYoungGen      total 93696K, used 83968K [0x00000000eab00000, 0x00000000f3180000, 0x0000000100000000)
  eden space 83968K, 100% used [0x00000000eab00000,0x00000000efd00000,0x00000000efd00000)
  from space 9728K, 0% used [0x00000000efd00000,0x00000000efd00000,0x00000000f0680000)
  to   space 9728K, 0% used [0x00000000f2800000,0x00000000f2800000,0x00000000f3180000)
 ParOldGen       total 87552K, used 17066K [0x00000000c0000000, 0x00000000c5580000, 0x00000000eab00000)
  object space 87552K, 19% used [0x00000000c0000000,0x00000000c10aaa68,0x00000000c5580000)
 Metaspace       used 43163K, capacity 44198K, committed 44464K, reserved 1087488K
  class space    used 5782K, capacity 6040K, committed 6064K, reserved 1048576K
Event: 34.172 GC heap after
Heap after GC invocations=12 (full 2):
 PSYoungGen      total 121856K, used 9373K [0x00000000eab00000, 0x00000000f3180000, 0x0000000100000000)
  eden space 112128K, 0% used [0x00000000eab00000,0x00000000eab00000,0x00000000f1880000)
  from space 9728K, 96% used [0x00000000f2800000,0x00000000f3127478,0x00000000f3180000)
  to   space 10240K, 0% used [0x00000000f1d80000,0x00000000f1d80000,0x00000000f2780000)
 ParOldGen       total 87552K, used 17138K [0x00000000c0000000, 0x00000000c5580000, 0x00000000eab00000)
  object space 87552K, 19% used [0x00000000c0000000,0x00000000c10bca78,0x00000000c5580000)
 Metaspace       used 43163K, capacity 44198K, committed 44464K, reserved 1087488K
  class space    used 5782K, capacity 6040K, committed 6064K, reserved 1048576K
}
Event: 36.243 GC heap before
{Heap before GC invocations=13 (full 2):
 PSYoungGen      total 121856K, used 121501K [0x00000000eab00000, 0x00000000f3180000, 0x0000000100000000)
  eden space 112128K, 100% used [0x00000000eab00000,0x00000000f1880000,0x00000000f1880000)
  from space 9728K, 96% used [0x00000000f2800000,0x00000000f3127478,0x00000000f3180000)
  to   space 10240K, 0% used [0x00000000f1d80000,0x00000000f1d80000,0x00000000f2780000)
 ParOldGen       total 87552K, used 17138K [0x00000000c0000000, 0x00000000c5580000, 0x00000000eab00000)
  object space 87552K, 19% used [0x00000000c0000000,0x00000000c10bca78,0x00000000c5580000)
 Metaspace       used 49047K, capacity 50428K, committed 50736K, reserved 1093632K
  class space    used 6659K, capacity 6959K, committed 6960K, reserved 1048576K
Event: 36.304 GC heap after
Heap after GC invocations=13 (full 2):
 PSYoungGen      total 127488K, used 10208K [0x00000000eab00000, 0x00000000f5b80000, 0x0000000100000000)
  eden space 117248K, 0% used [0x00000000eab00000,0x00000000eab00000,0x00000000f1d80000)
  from space 10240K, 99% used [0x00000000f1d80000,0x00000000f2778010,0x00000000f2780000)
  to   space 14848K, 0% used [0x00000000f4d00000,0x00000000f4d00000,0x00000000f5b80000)
 ParOldGen       total 87552K, used 25871K [0x00000000c0000000, 0x00000000c5580000, 0x00000000eab00000)
  object space 87552K, 29% used [0x00000000c0000000,0x00000000c1943d98,0x00000000c5580000)
 Metaspace       used 49047K, capacity 50428K, committed 50736K, reserved 1093632K
  class space    used 6659K, capacity 6959K, committed 6960K, reserved 1048576K
}
Event: 37.713 GC heap before
{Heap before GC invocations=14 (full 2):
 PSYoungGen      total 127488K, used 92986K [0x00000000eab00000, 0x00000000f5b80000, 0x0000000100000000)
  eden space 117248K, 70% used [0x00000000eab00000,0x00000000efbd6ba8,0x00000000f1d80000)
  from space 10240K, 99% used [0x00000000f1d80000,0x00000000f2778010,0x00000000f2780000)
  to   space 14848K, 0% used [0x00000000f4d00000,0x00000000f4d00000,0x00000000f5b80000)
 ParOldGen       total 87552K, used 25871K [0x00000000c0000000, 0x00000000c5580000, 0x00000000eab00000)
  object space 87552K, 29% used [0x00000000c0000000,0x00000000c1943d98,0x00000000c5580000)
 Metaspace       used 52536K, capacity 54492K, committed 54576K, reserved 1095680K
  class space    used 7220K, capacity 7696K, committed 7728K, reserved 1048576K
Event: 37.777 GC heap after
Heap after GC invocations=14 (full 2):
 PSYoungGen      total 165376K, used 11212K [0x00000000eab00000, 0x00000000f5c80000, 0x0000000100000000)
  eden space 150528K, 0% used [0x00000000eab00000,0x00000000eab00000,0x00000000f3e00000)
  from space 14848K, 75% used [0x00000000f4d00000,0x00000000f57f3308,0x00000000f5b80000)
  to   space 15360K, 0% used [0x00000000f3e00000,0x00000000f3e00000,0x00000000f4d00000)
 ParOldGen       total 87552K, used 35513K [0x00000000c0000000, 0x00000000c5580000, 0x00000000eab00000)
  object space 87552K, 40% used [0x00000000c0000000,0x00000000c22ae638,0x00000000c5580000)
 Metaspace       used 52536K, capacity 54492K, committed 54576K, reserved 1095680K
  class space    used 7220K, capacity 7696K, committed 7728K, reserved 1048576K
}
Event: 37.777 GC heap before
{Heap before GC invocations=15 (full 3):
 PSYoungGen      total 165376K, used 11212K [0x00000000eab00000, 0x00000000f5c80000, 0x0000000100000000)
  eden space 150528K, 0% used [0x00000000eab00000,0x00000000eab00000,0x00000000f3e00000)
  from space 14848K, 75% used [0x00000000f4d00000,0x00000000f57f3308,0x00000000f5b80000)
  to   space 15360K, 0% used [0x00000000f3e00000,0x00000000f3e00000,0x00000000f4d00000)
 ParOldGen       total 87552K, used 35513K [0x00000000c0000000, 0x00000000c5580000, 0x00000000eab00000)
  object space 87552K, 40% used [0x00000000c0000000,0x00000000c22ae638,0x00000000c5580000)
 Metaspace       used 52536K, capacity 54492K, committed 54576K, reserved 1095680K
  class space    used 7220K, capacity 7696K, committed 7728K, reserved 1048576K
Event: 38.235 GC heap after
Heap after GC invocations=15 (full 3):
 PSYoungGen      total 165376K, used 0K [0x00000000eab00000, 0x00000000f5c80000, 0x0000000100000000)
  eden space 150528K, 0% used [0x00000000eab00000,0x00000000eab00000,0x00000000f3e00000)
  from space 14848K, 0% used [0x00000000f4d00000,0x00000000f4d00000,0x00000000f5b80000)
  to   space 15360K, 0% used [0x00000000f3e00000,0x00000000f3e00000,0x00000000f4d00000)
 ParOldGen       total 87552K, used 39945K [0x00000000c0000000, 0x00000000c5580000, 0x00000000eab00000)
  object space 87552K, 45% used [0x00000000c0000000,0x00000000c27026a0,0x00000000c5580000)
 Metaspace       used 52536K, capacity 54492K, committed 54576K, reserved 1095680K
  class space    used 7220K, capacity 7696K, committed 7728K, reserved 1048576K
}
Event: 58.035 GC heap before
{Heap before GC invocations=16 (full 3):
 PSYoungGen      total 165376K, used 150528K [0x00000000eab00000, 0x00000000f5c80000, 0x0000000100000000)
  eden space 150528K, 100% used [0x00000000eab00000,0x00000000f3e00000,0x00000000f3e00000)
  from space 14848K, 0% used [0x00000000f4d00000,0x00000000f4d00000,0x00000000f5b80000)
  to   space 15360K, 0% used [0x00000000f3e00000,0x00000000f3e00000,0x00000000f4d00000)
 ParOldGen       total 87552K, used 39945K [0x00000000c0000000, 0x00000000c5580000, 0x00000000eab00000)
  object space 87552K, 45% used [0x00000000c0000000,0x00000000c27026a0,0x00000000c5580000)
 Metaspace       used 55446K, capacity 57612K, committed 57776K, reserved 1099776K
  class space    used 7554K, capacity 8012K, committed 8112K, reserved 1048576K
Event: 58.046 GC heap after
Heap after GC invocations=16 (full 3):
 PSYoungGen      total 165888K, used 4480K [0x00000000eab00000, 0x00000000f8900000, 0x0000000100000000)
  eden space 150528K, 0% used [0x00000000eab00000,0x00000000eab00000,0x00000000f3e00000)
  from space 15360K, 29% used [0x00000000f3e00000,0x00000000f42600c8,0x00000000f4d00000)
  to   space 15360K, 0% used [0x00000000f7a00000,0x00000000f7a00000,0x00000000f8900000)
 ParOldGen       total 87552K, used 39953K [0x00000000c0000000, 0x00000000c5580000, 0x00000000eab00000)
  object space 87552K, 45% used [0x00000000c0000000,0x00000000c27046a0,0x00000000c5580000)
 Metaspace       used 55446K, capacity 57612K, committed 57776K, reserved 1099776K
  class space    used 7554K, capacity 8012K, committed 8112K, reserved 1048576K
}

Deoptimization events (10 events):
Event: 61.781 Thread 0x0000000058904000 Uncommon trap: reason=class_check action=maybe_recompile pc=0x00000000035ca7e8 method=java.io.BufferedInputStream.read1([BII)I @ 39
Event: 62.111 Thread 0x0000000058904000 Uncommon trap: reason=unstable_if action=reinterpret pc=0x0000000003e338d0 method=com.sun.org.apache.xerces.internal.impl.XMLEntityScanner.scanQName(Lcom/sun/org/apache/xerces/internal/xni/QName;)Z @ 261
Event: 63.764 Thread 0x0000000056679800 Uncommon trap: reason=unstable_if action=reinterpret pc=0x000000000348b2a8 method=java.util.regex.Matcher.appendReplacement(Ljava/lang/StringBuffer;Ljava/lang/String;)Ljava/util/regex/Matcher; @ 47
Event: 63.764 Thread 0x000000005b9ee800 Uncommon trap: reason=unstable_if action=reinterpret pc=0x000000000348b2a8 method=java.util.regex.Matcher.appendReplacement(Ljava/lang/StringBuffer;Ljava/lang/String;)Ljava/util/regex/Matcher; @ 47
Event: 63.764 Thread 0x000000005b9ef800 Uncommon trap: reason=unstable_if action=reinterpret pc=0x000000000348b2a8 method=java.util.regex.Matcher.appendReplacement(Ljava/lang/StringBuffer;Ljava/lang/String;)Ljava/util/regex/Matcher; @ 47
Event: 63.902 Thread 0x0000000058a6d000 Uncommon trap: reason=speculate_class_check action=maybe_recompile pc=0x0000000003a32e48 method=java.util.AbstractList.listIterator()Ljava/util/ListIterator; @ 2
Event: 65.504 Thread 0x0000000058904000 Uncommon trap: reason=unstable_if action=reinterpret pc=0x000000000374c6a8 method=sun.nio.cs.ext.DoubleByte$Encoder.encodeArrayLoop(Ljava/nio/CharBuffer;Ljava/nio/ByteBuffer;)Ljava/nio/charset/CoderResult; @ 296
Event: 65.603 Thread 0x0000000058904000 Uncommon trap: reason=class_check action=maybe_recompile pc=0x00000000035ca7e8 method=java.io.BufferedInputStream.read1([BII)I @ 39
Event: 65.668 Thread 0x0000000058904000 Uncommon trap: reason=unstable_if action=reinterpret pc=0x00000000038f1560 method=sun.nio.cs.UTF_8$Encoder.encodeArrayLoop(Ljava/nio/CharBuffer;Ljava/nio/ByteBuffer;)Ljava/nio/charset/CoderResult; @ 87
Event: 65.671 Thread 0x0000000058904000 Uncommon trap: reason=unstable_if action=reinterpret pc=0x0000000003744e18 method=sun.nio.cs.UTF_8$Encoder.encodeArrayLoop(Ljava/nio/CharBuffer;Ljava/nio/ByteBuffer;)Ljava/nio/charset/CoderResult; @ 87

Internal exceptions (10 events):
Event: 58.743 Thread 0x0000000058904000 Exception <a 'java/lang/ClassNotFoundException': com/android/build/gradle/tasks/CheckManifestInInstantRunModeBeanInfo> (0x00000000ee434fc8) thrown at [C:\src\android\AOSP-openjdk\external\jetbrains\jdk\hotspot\src\share\vm\classfile\systemDictionary.cpp, lØ!#_M@
Event: 58.743 Thread 0x0000000058904000 Exception <a 'java/lang/ClassNotFoundException': com/android/build/gradle/tasks/CheckManifestInInstantRunModeCustomizer> (0x00000000ee449120) thrown at [C:\src\android\AOSP-openjdk\external\jetbrains\jdk\hotspot\src\share\vm\classfile\systemDictionary.cpp,ì×ýSB_M@
Event: 58.744 Thread 0x0000000058904000 Exception <a 'java/lang/ClassNotFoundException': com/android/build/gradle/tasks/CheckManifestInInstantRunMode_DecoratedCustomizer> (0x00000000ee472bf0) thrown at [C:\src\android\AOSP-openjdk\external\jetbrains\jdk\hotspot\src\share\vm\classfile\systemDicti
Event: 58.776 Thread 0x0000000058904000 Exception <a 'java/lang/ClassNotFoundException': com/android/build/gradle/tasks/fd/GenerateInstantRunAppInfoTask_DecoratedBeanInfo> (0x00000000ee592ee8) thrown at [C:\src\android\AOSP-openjdk\external\jetbrains\jdk\hotspot\src\share\vm\classfile\systemDictXõêrcM@
Event: 58.777 Thread 0x0000000058904000 Exception <a 'java/lang/ClassNotFoundException': com/android/build/gradle/tasks/fd/GenerateInstantRunAppInfoTaskBeanInfo> (0x00000000ee5a7428) thrown at [C:\src\android\AOSP-openjdk\external\jetbrains\jdk\hotspot\src\share\vm\classfile\systemDictionary.cpp» ü…cM@
Event: 58.778 Thread 0x0000000058904000 Exception <a 'java/lang/ClassNotFoundException': com/android/build/gradle/tasks/fd/GenerateInstantRunAppInfoTaskCustomizer> (0x00000000ee5bbd38) thrown at [C:\src\android\AOSP-openjdk\external\jetbrains\jdk\hotspot\src\share\vm\classfile\systemDictionary.cƒ³²´©cM@
Event: 58.779 Thread 0x0000000058904000 Exception <a 'java/lang/ClassNotFoundException': com/android/build/gradle/tasks/fd/GenerateInstantRunAppInfoTask_DecoratedCustomizer> (0x00000000ee5e4370) thrown at [C:\src\android\AOSP-openjdk\external\jetbrains\jdk\hotspot\src\share\vm\classfile\systemDiï½Oÿ?N@
Event: 60.500 Thread 0x0000000058904000 Exception <a 'java/lang/ClassNotFoundException': com/android/build/gradle/internal/LibraryCache$1BeanInfo> (0x00000000eebc37c0) thrown at [C:\src\android\AOSP-openjdk\external\jetbrains\jdk\hotspot\src\share\vm\classfile\systemDictionary.cpp, line 210]
Event: 60.500 Thread 0x0000000058904000 Exception <a 'java/lang/ClassNotFoundException': com/android/build/gradle/internal/LibraryCache$1Customizer> (0x00000000eebd4058) thrown at [C:\src\android\AOSP-openjdk\external\jetbrains\jdk\hotspot\src\share\vm\classfile\systemDictionary.cpp, line 210]
Event: 66.073 Thread 0x00000000564c0800 Exception <a 'java/lang/NoSuchMethodError': <clinit>> (0x00000000f27fae90) thrown at [C:\src\android\AOSP-openjdk\external\jetbrains\jdk\hotspot\src\share\vm\prims\jni.cpp, line 1591]

Events (10 events):
Event: 71.111 loading class java/lang/Throwable$WrappedPrintStream
Event: 71.121 loading class java/lang/Throwable$WrappedPrintStream done
Event: 71.123 Executing VM operation: RevokeBias
Event: 71.123 Executing VM operation: RevokeBias done
Event: 71.123 Thread 0x000000005667f800 Thread exited: 0x000000005667f800
Event: 71.204 Thread 0x000000005667f000 DEOPT PACKING pc=0x000000000373d180 sp=0x000000006278e010
Event: 71.204 Thread 0x000000005667f000 DEOPT UNPACKING pc=0x00000000026671bf sp=0x000000006278dd68 mode 0
Event: 71.205 Executing VM operation: RevokeBias
Event: 71.205 Executing VM operation: RevokeBias done
Event: 71.205 Thread 0x000000005667f000 Thread exited: 0x000000005667f000


Dynamic libraries:
0x000000013f320000 - 0x000000013f351000 	F:\JAVA\android-studio\jre\bin\java.exe
0x0000000076e50000 - 0x0000000076ffa000 	C:\Windows\SYSTEM32\ntdll.dll
0x0000000076d30000 - 0x0000000076e4f000 	C:\Windows\system32\kernel32.dll
0x000007fefc930000 - 0x000007fefc99a000 	C:\Windows\system32\KERNELBASE.dll
0x000007fefcec0000 - 0x000007fefcf9b000 	C:\Windows\system32\ADVAPI32.dll
0x000007fefcd60000 - 0x000007fefcdff000 	C:\Windows\system32\msvcrt.dll
0x000007fefce00000 - 0x000007fefce1f000 	C:\Windows\SYSTEM32\sechost.dll
0x000007fefee10000 - 0x000007fefef3d000 	C:\Windows\system32\RPCRT4.dll
0x0000000076af0000 - 0x0000000076bea000 	C:\Windows\system32\USER32.dll
0x000007fefe8a0000 - 0x000007fefe907000 	C:\Windows\system32\GDI32.dll
0x000007fefeff0000 - 0x000007fefeffe000 	C:\Windows\system32\LPK.dll
0x000007fefda20000 - 0x000007fefdaeb000 	C:\Windows\system32\USP10.dll
0x000007fefaa70000 - 0x000007fefac64000 	C:\Windows\WinSxS\amd64_microsoft.windows.common-controls_6595b64144ccf1df_6.0.7601.18837_none_fa3b1e3d17594757\COMCTL32.dll
0x000007fefe9a0000 - 0x000007fefea11000 	C:\Windows\system32\SHLWAPI.dll
0x000007fefcfa0000 - 0x000007fefcfce000 	C:\Windows\system32\IMM32.DLL
0x000007fefea20000 - 0x000007fefeb29000 	C:\Windows\system32\MSCTF.dll
0x0000000078d80000 - 0x0000000078e52000 	F:\JAVA\android-studio\jre\jre\bin\msvcr100.dll
0x0000000056ac0000 - 0x00000000572f4000 	F:\JAVA\android-studio\jre\jre\bin\server\jvm.dll
0x000007fef6300000 - 0x000007fef6309000 	C:\Windows\system32\WSOCK32.dll
0x000007fefeb30000 - 0x000007fefeb7d000 	C:\Windows\system32\WS2_32.dll
0x000007fefefe0000 - 0x000007fefefe8000 	C:\Windows\system32\NSI.dll
0x000007fefca60000 - 0x000007fefca9b000 	C:\Windows\system32\WINMM.dll
0x000007fefb950000 - 0x000007fefb95c000 	C:\Windows\system32\VERSION.dll
0x0000000077020000 - 0x0000000077027000 	C:\Windows\system32\PSAPI.DLL
0x000007fefb380000 - 0x000007fefb38f000 	F:\JAVA\android-studio\jre\jre\bin\verify.dll
0x000007feeedf0000 - 0x000007feeee19000 	F:\JAVA\android-studio\jre\jre\bin\java.dll
0x000007fef9470000 - 0x000007fef9486000 	F:\JAVA\android-studio\jre\jre\bin\zip.dll
0x000007fefdaf0000 - 0x000007fefe87b000 	C:\Windows\system32\SHELL32.dll
0x000007fefd210000 - 0x000007fefd413000 	C:\Windows\system32\ole32.dll
0x000007fefc910000 - 0x000007fefc91f000 	C:\Windows\system32\profapi.dll
0x000007feed4d0000 - 0x000007feed4ea000 	F:\JAVA\android-studio\jre\jre\bin\net.dll
0x000007fefc050000 - 0x000007fefc0a5000 	C:\Windows\system32\mswsock.dll
0x000007fefc040000 - 0x000007fefc047000 	C:\Windows\System32\wship6.dll
0x000007fee8dd0000 - 0x000007fee8de1000 	F:\JAVA\android-studio\jre\jre\bin\nio.dll
0x000007fee8970000 - 0x000007fee8982000 	C:\Users\Administrator\.gradle\native\19\windows-amd64\native-platform.dll
0x000007fefc0b0000 - 0x000007fefc0c7000 	C:\Windows\system32\CRYPTSP.dll
0x000007fefbdb0000 - 0x000007fefbdf7000 	C:\Windows\system32\rsaenh.dll
0x000007fefcb10000 - 0x000007fefcb2e000 	C:\Windows\system32\USERENV.dll
0x000007fefc760000 - 0x000007fefc76f000 	C:\Windows\system32\CRYPTBASE.dll
0x000007fef9fc0000 - 0x000007fef9fe7000 	C:\Windows\system32\IPHLPAPI.DLL
0x000007fef9f70000 - 0x000007fef9f7b000 	C:\Windows\system32\WINNSI.DLL
0x000007fef9b70000 - 0x000007fef9b81000 	C:\Windows\system32\dhcpcsvc6.DLL
0x000007fef9b50000 - 0x000007fef9b68000 	C:\Windows\system32\dhcpcsvc.DLL
0x000007fef5f90000 - 0x000007fef5f9d000 	F:\JAVA\android-studio\jre\jre\bin\management.dll
0x000007fefc700000 - 0x000007fefc757000 	C:\Windows\system32\apphelp.dll

VM Arguments:
jvm_args: -XX:MaxPermSize=256m -XX:+HeapDumpOnOutOfMemoryError -Xmx1024m -Dfile.encoding=GBK -Duser.country=CN -Duser.language=zh -Duser.variant 
java_command: org.gradle.launcher.daemon.bootstrap.GradleDaemon 2.14.1
java_class_path (initial): F:\JAVA\android-studio\gradle\gradle-2.14.1\lib\gradle-launcher-2.14.1.jar
Launcher Type: SUN_STANDARD

Environment Variables:
JAVA_HOME=C:\Program Files\Java\jdk1.7.0_79
PATH=C:\Windows\system32;C:\Windows;C:\Windows\System32\Wbem;C:\Windows\System32\WindowsPowerShell\v1.0\;C:\Program Files (x86)\NVIDIA Corporation\PhysX\Common;C:\Program Files\Java\jdk1.7.0_79\bin;C:\Program Files\Java\jdk1.7.0_79jre\bin;C:\Windows\system32\config\systemprofile\.dnx\bin;C:\Program Files\Microsoft DNX\Dnvm\;C:\Program Files\Microsoft SQL Server\120\Tools\Binn\;C:\Program Files\Microsoft SQL Server\130\Tools\Binn\;C:\Program Files (x86)\Windows Kits\8.1\Windows Performance Toolkit\;D:\bin;E:\Program Files\Git\cmd;;C:\Users\Administrator\AppData\Local\GitHubDesktop\bin;D:\Program Files (x86)\AllWinnerTech\PhoenixSuit\
USERNAME=Administrator
OS=Windows_NT
PROCESSOR_IDENTIFIER=AMD64 Family 21 Model 16 Stepping 1, AuthenticAMD



---------------  S Y S T E M  ---------------

OS: Windows 7 , 64 bit Build 7601 (6.1.7601.23864)

CPU:total 4 (4 cores per cpu, 1 threads per core) family 21 model 16 stepping 1, cmov, cx8, fxsr, mmx, sse, sse2, sse3, ssse3, sse4.1, sse4.2, popcnt, avx, aes, clmul, mmxext, 3dnowpref, lzcnt, sse4a, tsc, tscinvbit, tscinv, bmi1

Memory: 4k page, physical 8325828k(232400k free), swap 10421120k(3364k free)

vm_info: OpenJDK 64-Bit Server VM (25.76-b03) for windows-amd64 JRE (1.8.0_76-release-b03), built on Jun 29 2016 19:09:20 by "ralucas" with MS VC++ 10.0 (VS2010)

time: Mon Jan 15 18:31:33 2018
elapsed time: 71 seconds (0d 0h 1m 11s)

